<?xml version="1.0" encoding="UTF-8"?>
<!-- Generated by org.testng.reporters.JUnitReportReporter -->
<testsuite skipped="0" hostname="Nourhane-Mahrous" name="Runner.testRunner" tests="2" failures="0" timestamp="01 Mar 2024 14:29:41 GMT" time="61.404" errors="0">
  <testcase name="runScenario" time="17.983" classname="Runner.testRunner"/>
  <testcase name="runScenario" time="43.421" classname="Runner.testRunner"/>
</testsuite> <!-- Runner.testRunner -->
